<?xml version="1.0" encoding="UTF-8"?>
<!-- Generated by org.testng.reporters.JUnitReportReporter -->
<testsuite hostname="RedmiBook" failures="0" tests="3" name="practice.DataProviderEx" time="0.019" errors="0" timestamp="2023-05-08T10:23:10 IST" skipped="0">
  <testcase classname="practice.DataProviderEx" name="bookTickets" time="0.002"/>
  <system-out/>
  <testcase classname="practice.DataProviderEx" name="bookTickets" time="0.007"/>
  <system-out/>
  <testcase classname="practice.DataProviderEx" name="bookTickets" time="0.010"/>
  <system-out/>
</testsuite> <!-- practice.DataProviderEx -->
