<?xml version="1.0" encoding="UTF-8"?>
<!-- Generated by org.testng.reporters.JUnitReportReporter -->
<testsuite hostname="RedmiBook" failures="0" tests="1" name="Campaigns.CreateCampaignwithProduct" time="20.139" errors="0" timestamp="2023-04-27T17:43:39 IST" skipped="0">
  <testcase classname="Campaigns.CreateCampaignwithProduct" name="createCampaignwithProduct" time="20.139"/>
  <system-out/>
</testsuite> <!-- Campaigns.CreateCampaignwithProduct -->
