<?xml version="1.0" encoding="UTF-8"?>
<!-- Generated by org.testng.reporters.JUnitReportReporter -->
<testsuite hostname="RedmiBook" failures="0" tests="1" name="practice.SoftAssertEx" time="0.009" errors="0" timestamp="2023-05-03T16:29:39 IST" skipped="0">
  <testcase classname="practice.SoftAssertEx" name="softAssertEx" time="0.009"/>
  <system-out/>
</testsuite> <!-- practice.SoftAssertEx -->
