<?xml version="1.0" encoding="UTF-8"?>
<!-- Generated by org.testng.reporters.JUnitReportReporter -->
<testsuite hostname="RedmiBook" failures="0" tests="1" name="organizations.CreateOrganization" time="19.979" errors="0" timestamp="2023-04-27T17:04:09 IST" skipped="0">
  <testcase classname="organizations.CreateOrganization" name="createOrganization" time="19.979"/>
  <system-out/>
</testsuite> <!-- organizations.CreateOrganization -->
