<?xml version="1.0" encoding="UTF-8"?>
<!-- Generated by org.testng.reporters.JUnitReportReporter -->
<testsuite hostname="RedmiBook" failures="0" tests="3" name="practice.DataProviderVtiger" time="55.092" errors="0" timestamp="2023-05-03T20:34:40 IST" skipped="0">
  <testcase classname="practice.DataProviderVtiger" name="companyDetails" time="18.026"/>
  <system-out/>
  <testcase classname="practice.DataProviderVtiger" name="companyDetails" time="18.100"/>
  <system-out/>
  <testcase classname="practice.DataProviderVtiger" name="companyDetails" time="18.966"/>
  <system-out/>
</testsuite> <!-- practice.DataProviderVtiger -->
