<?xml version="1.0" encoding="UTF-8"?>
<!-- Generated by org.testng.reporters.JUnitReportReporter -->
<testsuite hostname="RedmiBook" failures="0" tests="1" name="Contacts.CreateContact" time="14.070" errors="0" timestamp="2023-04-27T17:45:21 IST" skipped="0">
  <testcase classname="Contacts.CreateContact" name="createContact" time="14.070"/>
  <system-out/>
</testsuite> <!-- Contacts.CreateContact -->
