<?xml version="1.0" encoding="UTF-8"?>
<!-- Generated by org.testng.reporters.JUnitReportReporter -->
<testsuite hostname="RedmiBook" failures="0" tests="1" name="product.CreateProductAndDeleteProductWithPOM" time="22.434" errors="0" timestamp="2023-05-01T13:55:51 IST" skipped="0">
  <testcase classname="product.CreateProductAndDeleteProductWithPOM" name="createProductAndDeleteProduct" time="22.434"/>
  <system-out/>
</testsuite> <!-- product.CreateProductAndDeleteProductWithPOM -->
