<?xml version="1.0" encoding="UTF-8"?>
<!-- Generated by org.testng.reporters.JUnitReportReporter -->
<testsuite hostname="RedmiBook" failures="0" tests="1" name="organizations.EditOrganization" time="28.563" errors="0" timestamp="2023-04-27T17:11:39 IST" skipped="0">
  <testcase classname="organizations.EditOrganization" name="editOrganization" time="28.563"/>
  <system-out/>
</testsuite> <!-- organizations.EditOrganization -->
