<?xml version="1.0" encoding="UTF-8"?>
<!-- Generated by org.testng.reporters.JUnitReportReporter -->
<testsuite hostname="RedmiBook" failures="0" tests="1" name="Campaigns.CreateCampaign" time="15.723" errors="0" timestamp="2023-04-27T17:42:43 IST" skipped="0">
  <testcase classname="Campaigns.CreateCampaign" name="createCampaign" time="15.723"/>
  <system-out/>
</testsuite> <!-- Campaigns.CreateCampaign -->
