<?xml version="1.0" encoding="UTF-8"?>
<!-- Generated by org.testng.reporters.JUnitReportReporter -->
<testsuite hostname="RedmiBook" failures="0" tests="1" name="Campaigns.CreateCampaignWithProductWithPOM" time="37.157" errors="0" timestamp="2023-05-13T18:53:02 IST" skipped="0">
  <testcase classname="Campaigns.CreateCampaignWithProductWithPOM" name="CreateCampaignWithProduct" time="37.157"/>
  <system-out/>
</testsuite> <!-- Campaigns.CreateCampaignWithProductWithPOM -->
