<?xml version="1.0" encoding="UTF-8"?>
<!-- Generated by org.testng.reporters.JUnitReportReporter -->
<testsuite hostname="RedmiBook" failures="0" tests="3" name="practice.HardAssert" time="0.012" errors="0" timestamp="2023-05-02T19:15:04 IST" skipped="0">
  <testcase classname="practice.HardAssert" name="m3" time="0.002"/>
  <system-out/>
  <testcase classname="practice.HardAssert" name="m1" time="0.009"/>
  <system-out/>
  <testcase classname="practice.HardAssert" name="m2" time="0.001"/>
  <system-out/>
</testsuite> <!-- practice.HardAssert -->
