<?xml version="1.0" encoding="UTF-8"?>
<!-- Generated by org.testng.reporters.JUnitReportReporter -->
<testsuite hostname="RedmiBook" failures="0" tests="5" name="practice.SampleClass" time="0.011" errors="0" timestamp="2023-04-26T17:39:00 IST" skipped="0">
  <testcase classname="practice.SampleClass" name="createContact" time="0.002"/>
  <system-out/>
  <testcase classname="practice.SampleClass" name="deleteContact" time="0.001"/>
  <system-out/>
  <testcase classname="practice.SampleClass" name="createContact" time="0.006"/>
  <system-out/>
  <testcase classname="practice.SampleClass" name="createContact" time="0.001"/>
  <system-out/>
  <testcase classname="practice.SampleClass" name="modifyContact" time="0.001"/>
  <system-out/>
</testsuite> <!-- practice.SampleClass -->
